<?xml version="1.0" encoding="UTF-8"?>
<!-- Generated by org.testng.reporters.JUnitReportReporter -->
<testsuite hostname="DESKTOP-GNI30QO" failures="0" tests="4" name="com.WebStaurantStore.TestCases.HomePageTest" time="38.211" errors="0" timestamp="2023-11-05T17:30:45 EST" skipped="0">
  <testcase classname="com.WebStaurantStore.TestCases.HomePageTest" name="HomePageTitleTest" time="0.216"/>
  <system-out/>
  <testcase classname="com.WebStaurantStore.TestCases.HomePageTest" name="searchItemTest" time="5.505"/>
  <system-out/>
  <testcase classname="com.WebStaurantStore.TestCases.HomePageTest" name="itemContainsKeyWordTest" time="25.381"/>
  <system-out/>
  <testcase classname="com.WebStaurantStore.TestCases.HomePageTest" name="addItemToCart" time="7.109"/>
  <system-out/>
</testsuite> <!-- com.WebStaurantStore.TestCases.HomePageTest -->
