<?xml version="1.0" encoding="UTF-8"?>
<!-- Generated by org.testng.reporters.JUnitReportReporter -->
<testsuite hostname="DESKTOP-GNI30QO" failures="0" tests="4" name="com.WebStaurantStore.TestCases.SearchItemAndEmptyCartTest" time="45.615" errors="0" timestamp="2023-11-05T18:06:05 EST" skipped="0">
  <testcase classname="com.WebStaurantStore.TestCases.SearchItemAndEmptyCartTest" name="searchItemTest" time="5.586"/>
  <system-out/>
  <testcase classname="com.WebStaurantStore.TestCases.SearchItemAndEmptyCartTest" name="itemContainsKeyWordTest" time="27.401"/>
  <system-out/>
  <testcase classname="com.WebStaurantStore.TestCases.SearchItemAndEmptyCartTest" name="addItemToCart" time="6.572"/>
  <system-out/>
  <testcase classname="com.WebStaurantStore.TestCases.SearchItemAndEmptyCartTest" name="emptyCart" time="6.056"/>
  <system-out/>
</testsuite> <!-- com.WebStaurantStore.TestCases.SearchItemAndEmptyCartTest -->
